Using pre-set license
Built from '2021.1/staging' branch; Version is '2021.1.6f1 (c0fade0cc7e9) revision 12647134'; Using compiler version '192528614'; Build Type 'Release'
OS: 'Windows 10 Pro; OS build 19042.985; Version 2009; 64bit' Language: 'ru' Physical Memory: 16327 MB
BatchMode: 1, IsHumanControllingUs: 0, StartBugReporterOnCrash: 0, Is64bit: 1, IsPro: 0

 COMMAND LINE ARGUMENTS:
E:\Programs\UEditor\2021.1.6f1\Editor\Unity.exe
-adb2
-batchMode
-noUpm
-name
AssetImportWorker0
-projectPath
E:/ProLearning/Unity2D/AbstractVania
-logFile
Logs/AssetImportWorker0.log
-srvPort
63904
Successfully changed project path to: E:/ProLearning/Unity2D/AbstractVania
E:/ProLearning/Unity2D/AbstractVania
Using Asset Import Pipeline V2.
Refreshing native plugins compatible for Editor in 167.59 ms, found 2 plugins.
Preloading 0 native plugins for Editor in 0.00 ms.
Initialize engine version: 2021.1.6f1 (c0fade0cc7e9)
[Subsystems] Discovering subsystems at path E:/Programs/UEditor/2021.1.6f1/Editor/Data/Resources/UnitySubsystems
[Subsystems] Discovering subsystems at path E:/ProLearning/Unity2D/AbstractVania/Assets
GfxDevice: creating device client; threaded=0; jobified=0
Direct3D:
    Version:  Direct3D 11.0 [level 11.1]
    Renderer: NVIDIA GeForce GTX 1650 SUPER (ID=0x2187)
    Vendor:   NVIDIA
    VRAM:     3955 MB
    Driver:   27.21.14.6109
Shader 'Universal Render Pipeline/Particles/Lit': fallback shader 'Universal Render Pipeline/Particles/SimpleLit' not found
Initialize mono
Mono path[0] = 'E:/Programs/UEditor/2021.1.6f1/Editor/Data/Managed'
Mono path[1] = 'E:/Programs/UEditor/2021.1.6f1/Editor/Data/MonoBleedingEdge/lib/mono/unityjit'
Mono config path = 'E:/Programs/UEditor/2021.1.6f1/Editor/Data/MonoBleedingEdge/etc'
Using monoOptions --debugger-agent=transport=dt_socket,embedding=1,server=y,suspend=n,address=127.0.0.1:56864
Begin MonoManager ReloadAssembly
Registering precompiled unity dll's ...
Register platform support module: E:/Programs/UEditor/2021.1.6f1/Editor/Data/PlaybackEngines/WebGLSupport/UnityEditor.WebGL.Extensions.dll
Register platform support module: E:/Programs/UEditor/2021.1.6f1/Editor/Data/PlaybackEngines/WindowsStandaloneSupport/UnityEditor.WindowsStandalone.Extensions.dll
Registered in 0.002476 seconds.
Native extension for WindowsStandalone target not found
Native extension for WebGL target not found
Refreshing native plugins compatible for Editor in 172.94 ms, found 2 plugins.
Preloading 0 native plugins for Editor in 0.00 ms.
Mono: successfully reloaded assembly
- Completed reload, in  1.534 seconds
Platform modules already initialized, skipping
Registering precompiled user dll's ...
Registered in 0.004444 seconds.
Begin MonoManager ReloadAssembly
Native extension for WindowsStandalone target not found
Native extension for WebGL target not found
Refreshing native plugins compatible for Editor in 169.87 ms, found 2 plugins.
Preloading 0 native plugins for Editor in 0.00 ms.
Mono: successfully reloaded assembly
- Completed reload, in  1.723 seconds
Platform modules already initialized, skipping
========================================================================
Worker process is ready to serve import requests
Shader 'Universal Render Pipeline/Particles/Lit': fallback shader 'Universal Render Pipeline/Particles/SimpleLit' not found
Launched and connected shader compiler UnityShaderCompiler.exe after 0.05 seconds
Refreshing native plugins compatible for Editor in 1.02 ms, found 2 plugins.
Preloading 0 native plugins for Editor in 0.00 ms.
Unloading 4937 Unused Serialized files (Serialized files now loaded: 0)
System memory in use before: 188.0 MB.
System memory in use after: 188.1 MB.

Unloading 31 unused Assets to reduce memory usage. Loaded Objects now: 5390.
Total: 3.500400 ms (FindLiveObjects: 0.377900 ms CreateObjectMapping: 0.214600 ms MarkObjects: 2.751700 ms  DeleteObjects: 0.154700 ms)

========================================================================
Received Import Request.
  path: Assets/Sprites/enemies_128.png
  artifactKey: Guid(f0175065333e6544f93ed038471cf511) Importer(815301076,1909f56bfc062723c751e8b465ee728b)
Start importing Assets/Sprites/enemies_128.png using Guid(f0175065333e6544f93ed038471cf511) Importer(815301076,1909f56bfc062723c751e8b465ee728b)  -> (artifact id: 'dcea50e9b2ea26f6d2ff26597e4bd153') in 0.178983 seconds 
========================================================================
Received Import Request.
  Time since last request: 19.098077 seconds.
  path: Assets/Sprites/enemies_128.png
  artifactKey: Guid(f0175065333e6544f93ed038471cf511) Importer(815301076,1909f56bfc062723c751e8b465ee728b)
Start importing Assets/Sprites/enemies_128.png using Guid(f0175065333e6544f93ed038471cf511) Importer(815301076,1909f56bfc062723c751e8b465ee728b)  -> (artifact id: '3e5856f657f2ba6e3aad2ed91500ba63') in 0.016538 seconds 
========================================================================
Received Import Request.
  Time since last request: 10.514628 seconds.
  path: Assets/Sprites/enemies_128.png
  artifactKey: Guid(f0175065333e6544f93ed038471cf511) Importer(815301076,1909f56bfc062723c751e8b465ee728b)
Start importing Assets/Sprites/enemies_128.png using Guid(f0175065333e6544f93ed038471cf511) Importer(815301076,1909f56bfc062723c751e8b465ee728b)  -> (artifact id: '020ea75df3ef67ead3aa21a7ab83c82e') in 0.016128 seconds 
========================================================================
Received Import Request.
  Time since last request: 22.448797 seconds.
  path: Assets/Sprites/enemies_128.png
  artifactKey: Guid(f0175065333e6544f93ed038471cf511) Importer(815301076,1909f56bfc062723c751e8b465ee728b)
Start importing Assets/Sprites/enemies_128.png using Guid(f0175065333e6544f93ed038471cf511) Importer(815301076,1909f56bfc062723c751e8b465ee728b)  -> (artifact id: 'baf77e206d78ac834279c842cba85d17') in 0.069778 seconds 
========================================================================
Received Import Request.
  Time since last request: 41.153917 seconds.
  path: Assets/2d-extras-master
  artifactKey: Guid(4dd4c4e47ac0168419dfd9f0ac1e4b3e) Importer(815301076,1909f56bfc062723c751e8b465ee728b)
Start importing Assets/2d-extras-master using Guid(4dd4c4e47ac0168419dfd9f0ac1e4b3e) Importer(815301076,1909f56bfc062723c751e8b465ee728b)  -> (artifact id: '666da696c131266374f02d3f55bb6355') in 0.008619 seconds 
========================================================================
Received Import Request.
  Time since last request: 3.348364 seconds.
  path: Assets/Animations/Idle.anim
  artifactKey: Guid(be25f8d2bc981e240b46830bbd7fadc8) Importer(815301076,1909f56bfc062723c751e8b465ee728b)
Start importing Assets/Animations/Idle.anim using Guid(be25f8d2bc981e240b46830bbd7fadc8) Importer(815301076,1909f56bfc062723c751e8b465ee728b)  -> (artifact id: 'e4ed1475bcf340e9bf4f852acb962be8') in 0.011500 seconds 
========================================================================
Received Import Request.
  Time since last request: 16.618632 seconds.
  path: Assets/Animations/Player Animations
  artifactKey: Guid(ea285da7880db814b81a50c07c4616d7) Importer(815301076,1909f56bfc062723c751e8b465ee728b)
Start importing Assets/Animations/Player Animations using Guid(ea285da7880db814b81a50c07c4616d7) Importer(815301076,1909f56bfc062723c751e8b465ee728b)  -> (artifact id: '6887fc660060af567fcb4d19eef725a6') in 0.009371 seconds 
========================================================================
Received Import Request.
  Time since last request: 3.411092 seconds.
  path: Assets/Animations/Climb.anim
  artifactKey: Guid(772bacb73c15a9446aecc57c8446bc4f) Importer(815301076,1909f56bfc062723c751e8b465ee728b)
Start importing Assets/Animations/Climb.anim using Guid(772bacb73c15a9446aecc57c8446bc4f) Importer(815301076,1909f56bfc062723c751e8b465ee728b)  -> (artifact id: '4a4eca8f9762df07f2fe5428a55b2d88') in 0.011614 seconds 
========================================================================
Received Import Request.
  Time since last request: 59.904015 seconds.
  path: ProjectSettings/TagManager.asset
  artifactKey: Guid(00000000000000003000000000000000) Importer(815301076,1909f56bfc062723c751e8b465ee728b)
Start importing ProjectSettings/TagManager.asset using Guid(00000000000000003000000000000000) Importer(815301076,1909f56bfc062723c751e8b465ee728b)  -> (artifact id: 'bacd39f607e280fce3ba43b3f5414156') in 0.009560 seconds 
========================================================================
Received Import Request.
  Time since last request: 189.275624 seconds.
  path: Assets/Animations/Enemy Animations
  artifactKey: Guid(0abf8abad17a1b947a6f01318d1f9616) Importer(815301076,1909f56bfc062723c751e8b465ee728b)
Start importing Assets/Animations/Enemy Animations using Guid(0abf8abad17a1b947a6f01318d1f9616) Importer(815301076,1909f56bfc062723c751e8b465ee728b)  -> (artifact id: '47f24e1f9092008ab34e331ae79914c9') in 0.009554 seconds 
========================================================================
Received Import Request.
  Time since last request: 15.126993 seconds.
  path: Assets/Animations/Enemy Animations/Enemy1.controller
  artifactKey: Guid(de83b1e3fe4eaae4b920959eff5699f9) Importer(815301076,1909f56bfc062723c751e8b465ee728b)
Start importing Assets/Animations/Enemy Animations/Enemy1.controller using Guid(de83b1e3fe4eaae4b920959eff5699f9) Importer(815301076,1909f56bfc062723c751e8b465ee728b)  -> (artifact id: '684841e994e3b92558e46ece85a2e149') in 0.023884 seconds 
========================================================================
Received Import Request.
  Time since last request: 303.250232 seconds.
  path: Assets/Animations/Enemy Animations/Enemy1Walk.anim
  artifactKey: Guid(02d0e2a2ddc027b49afa9dcc0861e33e) Importer(815301076,1909f56bfc062723c751e8b465ee728b)
Start importing Assets/Animations/Enemy Animations/Enemy1Walk.anim using Guid(02d0e2a2ddc027b49afa9dcc0861e33e) Importer(815301076,1909f56bfc062723c751e8b465ee728b)  -> (artifact id: 'caa6201f2a686e53cbbdaf0801b26991') in 0.010874 seconds 
========================================================================
Received Prepare
Registering precompiled user dll's ...
Registered in 0.006619 seconds.
Begin MonoManager ReloadAssembly
Native extension for WindowsStandalone target not found
Native extension for WebGL target not found
Refreshing native plugins compatible for Editor in 1.19 ms, found 2 plugins.
Preloading 0 native plugins for Editor in 0.00 ms.
Mono: successfully reloaded assembly
- Completed reload, in  1.520 seconds
Platform modules already initialized, skipping
Shader 'Universal Render Pipeline/Particles/Lit': fallback shader 'Universal Render Pipeline/Particles/SimpleLit' not found
Refreshing native plugins compatible for Editor in 1.41 ms, found 2 plugins.
Preloading 0 native plugins for Editor in 0.00 ms.
Unloading 4869 Unused Serialized files (Serialized files now loaded: 0)
System memory in use before: 189.8 MB.
System memory in use after: 189.9 MB.

Unloading 19 unused Assets to reduce memory usage. Loaded Objects now: 5459.
Total: 6.238200 ms (FindLiveObjects: 2.371100 ms CreateObjectMapping: 0.611000 ms MarkObjects: 3.106000 ms  DeleteObjects: 0.147800 ms)

========================================================================
Received Prepare
Registering precompiled user dll's ...
Registered in 0.004510 seconds.
Begin MonoManager ReloadAssembly
Native extension for WindowsStandalone target not found
Native extension for WebGL target not found
Refreshing native plugins compatible for Editor in 1.15 ms, found 2 plugins.
Preloading 0 native plugins for Editor in 0.00 ms.
Mono: successfully reloaded assembly
- Completed reload, in  1.446 seconds
Platform modules already initialized, skipping
Shader 'Universal Render Pipeline/Particles/Lit': fallback shader 'Universal Render Pipeline/Particles/SimpleLit' not found
Refreshing native plugins compatible for Editor in 1.17 ms, found 2 plugins.
Preloading 0 native plugins for Editor in 0.00 ms.
Unloading 4869 Unused Serialized files (Serialized files now loaded: 0)
System memory in use before: 189.8 MB.
System memory in use after: 190.0 MB.

Unloading 18 unused Assets to reduce memory usage. Loaded Objects now: 5464.
Total: 5.019100 ms (FindLiveObjects: 0.674900 ms CreateObjectMapping: 0.489100 ms MarkObjects: 3.719100 ms  DeleteObjects: 0.134100 ms)

========================================================================
Received Prepare
Registering precompiled user dll's ...
Registered in 0.004535 seconds.
Begin MonoManager ReloadAssembly
Native extension for WindowsStandalone target not found
Native extension for WebGL target not found
Refreshing native plugins compatible for Editor in 1.04 ms, found 2 plugins.
Preloading 0 native plugins for Editor in 0.00 ms.
Mono: successfully reloaded assembly
- Completed reload, in  1.454 seconds
Platform modules already initialized, skipping
Shader 'Universal Render Pipeline/Particles/Lit': fallback shader 'Universal Render Pipeline/Particles/SimpleLit' not found
Refreshing native plugins compatible for Editor in 1.18 ms, found 2 plugins.
Preloading 0 native plugins for Editor in 0.00 ms.
Unloading 4869 Unused Serialized files (Serialized files now loaded: 0)
System memory in use before: 189.9 MB.
System memory in use after: 190.0 MB.

Unloading 18 unused Assets to reduce memory usage. Loaded Objects now: 5468.
Total: 5.573700 ms (FindLiveObjects: 1.046900 ms CreateObjectMapping: 0.585200 ms MarkObjects: 3.795600 ms  DeleteObjects: 0.143400 ms)

========================================================================
Received Prepare
Registering precompiled user dll's ...
Registered in 0.004433 seconds.
Begin MonoManager ReloadAssembly
Native extension for WindowsStandalone target not found
Native extension for WebGL target not found
Refreshing native plugins compatible for Editor in 1.67 ms, found 2 plugins.
Preloading 0 native plugins for Editor in 0.00 ms.
Mono: successfully reloaded assembly
- Completed reload, in  1.470 seconds
Platform modules already initialized, skipping
Shader 'Universal Render Pipeline/Particles/Lit': fallback shader 'Universal Render Pipeline/Particles/SimpleLit' not found
Refreshing native plugins compatible for Editor in 1.10 ms, found 2 plugins.
Preloading 0 native plugins for Editor in 0.00 ms.
Unloading 4869 Unused Serialized files (Serialized files now loaded: 0)
System memory in use before: 189.9 MB.
System memory in use after: 190.0 MB.

Unloading 18 unused Assets to reduce memory usage. Loaded Objects now: 5472.
Total: 4.411700 ms (FindLiveObjects: 0.476400 ms CreateObjectMapping: 0.349600 ms MarkObjects: 3.455200 ms  DeleteObjects: 0.128300 ms)

========================================================================
Received Prepare
Registering precompiled user dll's ...
Registered in 0.005109 seconds.
Begin MonoManager ReloadAssembly
Native extension for WindowsStandalone target not found
Native extension for WebGL target not found
Refreshing native plugins compatible for Editor in 1.16 ms, found 2 plugins.
Preloading 0 native plugins for Editor in 0.00 ms.
Mono: successfully reloaded assembly
- Completed reload, in  1.854 seconds
Platform modules already initialized, skipping
Shader 'Universal Render Pipeline/Particles/Lit': fallback shader 'Universal Render Pipeline/Particles/SimpleLit' not found
Refreshing native plugins compatible for Editor in 1.14 ms, found 2 plugins.
Preloading 0 native plugins for Editor in 0.00 ms.
Unloading 4869 Unused Serialized files (Serialized files now loaded: 0)
System memory in use before: 189.7 MB.
System memory in use after: 190.1 MB.

Unloading 18 unused Assets to reduce memory usage. Loaded Objects now: 5476.
Total: 5.994200 ms (FindLiveObjects: 0.667600 ms CreateObjectMapping: 0.709400 ms MarkObjects: 4.475600 ms  DeleteObjects: 0.139800 ms)

========================================================================
Received Prepare
Registering precompiled user dll's ...
Registered in 0.004270 seconds.
Begin MonoManager ReloadAssembly
Native extension for WindowsStandalone target not found
Native extension for WebGL target not found
Refreshing native plugins compatible for Editor in 1.18 ms, found 2 plugins.
Preloading 0 native plugins for Editor in 0.00 ms.
Mono: successfully reloaded assembly
- Completed reload, in  1.467 seconds
Platform modules already initialized, skipping
Shader 'Universal Render Pipeline/Particles/Lit': fallback shader 'Universal Render Pipeline/Particles/SimpleLit' not found
Refreshing native plugins compatible for Editor in 1.45 ms, found 2 plugins.
Preloading 0 native plugins for Editor in 0.00 ms.
Unloading 4869 Unused Serialized files (Serialized files now loaded: 0)
System memory in use before: 189.9 MB.
System memory in use after: 190.3 MB.

Unloading 18 unused Assets to reduce memory usage. Loaded Objects now: 5480.
Total: 5.319000 ms (FindLiveObjects: 0.549000 ms CreateObjectMapping: 1.012500 ms MarkObjects: 3.631300 ms  DeleteObjects: 0.124500 ms)

========================================================================
Received Prepare
Registering precompiled user dll's ...
Registered in 0.004234 seconds.
Begin MonoManager ReloadAssembly
Native extension for WindowsStandalone target not found
Native extension for WebGL target not found
Refreshing native plugins compatible for Editor in 1.06 ms, found 2 plugins.
Preloading 0 native plugins for Editor in 0.00 ms.
Mono: successfully reloaded assembly
- Completed reload, in  1.457 seconds
Platform modules already initialized, skipping
Shader 'Universal Render Pipeline/Particles/Lit': fallback shader 'Universal Render Pipeline/Particles/SimpleLit' not found
Refreshing native plugins compatible for Editor in 1.09 ms, found 2 plugins.
Preloading 0 native plugins for Editor in 0.00 ms.
Unloading 4869 Unused Serialized files (Serialized files now loaded: 0)
System memory in use before: 190.0 MB.
System memory in use after: 190.3 MB.

Unloading 18 unused Assets to reduce memory usage. Loaded Objects now: 5484.
Total: 4.935500 ms (FindLiveObjects: 0.646400 ms CreateObjectMapping: 0.506700 ms MarkObjects: 3.655800 ms  DeleteObjects: 0.125000 ms)

========================================================================
Received Prepare
Registering precompiled user dll's ...
Registered in 0.004233 seconds.
Begin MonoManager ReloadAssembly
Native extension for WindowsStandalone target not found
Native extension for WebGL target not found
Refreshing native plugins compatible for Editor in 1.11 ms, found 2 plugins.
Preloading 0 native plugins for Editor in 0.00 ms.
Mono: successfully reloaded assembly
- Completed reload, in  1.403 seconds
Platform modules already initialized, skipping
Shader 'Universal Render Pipeline/Particles/Lit': fallback shader 'Universal Render Pipeline/Particles/SimpleLit' not found
Refreshing native plugins compatible for Editor in 1.05 ms, found 2 plugins.
Preloading 0 native plugins for Editor in 0.00 ms.
Unloading 4869 Unused Serialized files (Serialized files now loaded: 0)
System memory in use before: 190.0 MB.
System memory in use after: 190.3 MB.

Unloading 18 unused Assets to reduce memory usage. Loaded Objects now: 5488.
Total: 4.025700 ms (FindLiveObjects: 0.414600 ms CreateObjectMapping: 0.245400 ms MarkObjects: 3.234300 ms  DeleteObjects: 0.129300 ms)

========================================================================
Received Prepare
Registering precompiled user dll's ...
Registered in 0.004154 seconds.
Begin MonoManager ReloadAssembly
Native extension for WindowsStandalone target not found
Native extension for WebGL target not found
Refreshing native plugins compatible for Editor in 1.26 ms, found 2 plugins.
Preloading 0 native plugins for Editor in 0.00 ms.
Mono: successfully reloaded assembly
- Completed reload, in  1.433 seconds
Platform modules already initialized, skipping
Shader 'Universal Render Pipeline/Particles/Lit': fallback shader 'Universal Render Pipeline/Particles/SimpleLit' not found
Refreshing native plugins compatible for Editor in 1.09 ms, found 2 plugins.
Preloading 0 native plugins for Editor in 0.00 ms.
Unloading 4869 Unused Serialized files (Serialized files now loaded: 0)
System memory in use before: 190.0 MB.
System memory in use after: 190.3 MB.

Unloading 18 unused Assets to reduce memory usage. Loaded Objects now: 5492.
Total: 5.735300 ms (FindLiveObjects: 0.581400 ms CreateObjectMapping: 0.700900 ms MarkObjects: 4.301900 ms  DeleteObjects: 0.148900 ms)

========================================================================
Received Prepare
Registering precompiled user dll's ...
Registered in 0.005370 seconds.
Begin MonoManager ReloadAssembly
Native extension for WindowsStandalone target not found
Native extension for WebGL target not found
Refreshing native plugins compatible for Editor in 1.48 ms, found 2 plugins.
Preloading 0 native plugins for Editor in 0.00 ms.
Mono: successfully reloaded assembly
- Completed reload, in  1.602 seconds
Platform modules already initialized, skipping
Shader 'Universal Render Pipeline/Particles/Lit': fallback shader 'Universal Render Pipeline/Particles/SimpleLit' not found
Refreshing native plugins compatible for Editor in 1.53 ms, found 2 plugins.
Preloading 0 native plugins for Editor in 0.00 ms.
Unloading 4869 Unused Serialized files (Serialized files now loaded: 0)
System memory in use before: 189.8 MB.
System memory in use after: 190.1 MB.

Unloading 18 unused Assets to reduce memory usage. Loaded Objects now: 5496.
Total: 4.875300 ms (FindLiveObjects: 0.412700 ms CreateObjectMapping: 0.252300 ms MarkObjects: 4.074600 ms  DeleteObjects: 0.134000 ms)

========================================================================
Received Prepare
Registering precompiled user dll's ...
Registered in 0.004196 seconds.
Begin MonoManager ReloadAssembly
Native extension for WindowsStandalone target not found
Native extension for WebGL target not found
Refreshing native plugins compatible for Editor in 1.18 ms, found 2 plugins.
Preloading 0 native plugins for Editor in 0.00 ms.
Mono: successfully reloaded assembly
- Completed reload, in  1.422 seconds
Platform modules already initialized, skipping
Shader 'Universal Render Pipeline/Particles/Lit': fallback shader 'Universal Render Pipeline/Particles/SimpleLit' not found
Refreshing native plugins compatible for Editor in 1.11 ms, found 2 plugins.
Preloading 0 native plugins for Editor in 0.00 ms.
Unloading 4869 Unused Serialized files (Serialized files now loaded: 0)
System memory in use before: 190.0 MB.
System memory in use after: 190.3 MB.

Unloading 18 unused Assets to reduce memory usage. Loaded Objects now: 5500.
Total: 5.844700 ms (FindLiveObjects: 0.817200 ms CreateObjectMapping: 0.572200 ms MarkObjects: 4.317400 ms  DeleteObjects: 0.136000 ms)

========================================================================
Received Prepare
Registering precompiled user dll's ...
Registered in 0.004558 seconds.
Begin MonoManager ReloadAssembly
Native extension for WindowsStandalone target not found
Native extension for WebGL target not found
Refreshing native plugins compatible for Editor in 1.10 ms, found 2 plugins.
Preloading 0 native plugins for Editor in 0.00 ms.
Mono: successfully reloaded assembly
- Completed reload, in  1.440 seconds
Platform modules already initialized, skipping
Shader 'Universal Render Pipeline/Particles/Lit': fallback shader 'Universal Render Pipeline/Particles/SimpleLit' not found
Refreshing native plugins compatible for Editor in 1.43 ms, found 2 plugins.
Preloading 0 native plugins for Editor in 0.00 ms.
Unloading 4869 Unused Serialized files (Serialized files now loaded: 0)
System memory in use before: 190.0 MB.
System memory in use after: 190.3 MB.

Unloading 18 unused Assets to reduce memory usage. Loaded Objects now: 5504.
Total: 5.570700 ms (FindLiveObjects: 0.623200 ms CreateObjectMapping: 0.602600 ms MarkObjects: 4.207600 ms  DeleteObjects: 0.135500 ms)

========================================================================
Received Prepare
Registering precompiled user dll's ...
Registered in 0.004301 seconds.
Begin MonoManager ReloadAssembly
Native extension for WindowsStandalone target not found
Native extension for WebGL target not found
Refreshing native plugins compatible for Editor in 1.09 ms, found 2 plugins.
Preloading 0 native plugins for Editor in 0.00 ms.
Mono: successfully reloaded assembly
- Completed reload, in  1.463 seconds
Platform modules already initialized, skipping
Shader 'Universal Render Pipeline/Particles/Lit': fallback shader 'Universal Render Pipeline/Particles/SimpleLit' not found
Refreshing native plugins compatible for Editor in 1.13 ms, found 2 plugins.
Preloading 0 native plugins for Editor in 0.00 ms.
Unloading 4869 Unused Serialized files (Serialized files now loaded: 0)
System memory in use before: 190.0 MB.
System memory in use after: 190.4 MB.

Unloading 18 unused Assets to reduce memory usage. Loaded Objects now: 5508.
Total: 5.101500 ms (FindLiveObjects: 0.620200 ms CreateObjectMapping: 0.565900 ms MarkObjects: 3.763500 ms  DeleteObjects: 0.150100 ms)

========================================================================
Received Prepare
Registering precompiled user dll's ...
Registered in 0.004513 seconds.
Begin MonoManager ReloadAssembly
Native extension for WindowsStandalone target not found
Native extension for WebGL target not found
Refreshing native plugins compatible for Editor in 1.14 ms, found 2 plugins.
Preloading 0 native plugins for Editor in 0.00 ms.
Mono: successfully reloaded assembly
- Completed reload, in  1.395 seconds
Platform modules already initialized, skipping
Shader 'Universal Render Pipeline/Particles/Lit': fallback shader 'Universal Render Pipeline/Particles/SimpleLit' not found
Refreshing native plugins compatible for Editor in 1.06 ms, found 2 plugins.
Preloading 0 native plugins for Editor in 0.00 ms.
Unloading 4869 Unused Serialized files (Serialized files now loaded: 0)
System memory in use before: 190.1 MB.
System memory in use after: 190.4 MB.

Unloading 18 unused Assets to reduce memory usage. Loaded Objects now: 5512.
Total: 3.857400 ms (FindLiveObjects: 0.431900 ms CreateObjectMapping: 0.240000 ms MarkObjects: 3.053000 ms  DeleteObjects: 0.131000 ms)

========================================================================
Received Prepare
Registering precompiled user dll's ...
Registered in 0.004226 seconds.
Begin MonoManager ReloadAssembly
Native extension for WindowsStandalone target not found
Native extension for WebGL target not found
Refreshing native plugins compatible for Editor in 1.13 ms, found 2 plugins.
Preloading 0 native plugins for Editor in 0.00 ms.
Mono: successfully reloaded assembly
- Completed reload, in  1.853 seconds
Platform modules already initialized, skipping
Shader 'Universal Render Pipeline/Particles/Lit': fallback shader 'Universal Render Pipeline/Particles/SimpleLit' not found
Refreshing native plugins compatible for Editor in 1.11 ms, found 2 plugins.
Preloading 0 native plugins for Editor in 0.00 ms.
Unloading 4869 Unused Serialized files (Serialized files now loaded: 0)
System memory in use before: 189.9 MB.
System memory in use after: 190.2 MB.

Unloading 18 unused Assets to reduce memory usage. Loaded Objects now: 5516.
Total: 4.864100 ms (FindLiveObjects: 0.398300 ms CreateObjectMapping: 0.230300 ms MarkObjects: 4.050000 ms  DeleteObjects: 0.183800 ms)

========================================================================
Received Prepare
Registering precompiled user dll's ...
Registered in 0.005371 seconds.
Begin MonoManager ReloadAssembly
Native extension for WindowsStandalone target not found
Native extension for WebGL target not found
Refreshing native plugins compatible for Editor in 1.41 ms, found 2 plugins.
Preloading 0 native plugins for Editor in 0.00 ms.
Mono: successfully reloaded assembly
- Completed reload, in  2.261 seconds
Platform modules already initialized, skipping
Shader 'Universal Render Pipeline/Particles/Lit': fallback shader 'Universal Render Pipeline/Particles/SimpleLit' not found
Refreshing native plugins compatible for Editor in 1.24 ms, found 2 plugins.
Preloading 0 native plugins for Editor in 0.00 ms.
Unloading 4869 Unused Serialized files (Serialized files now loaded: 0)
System memory in use before: 190.1 MB.
System memory in use after: 190.4 MB.

Unloading 18 unused Assets to reduce memory usage. Loaded Objects now: 5520.
Total: 4.890800 ms (FindLiveObjects: 0.515600 ms CreateObjectMapping: 0.346300 ms MarkObjects: 3.876500 ms  DeleteObjects: 0.150600 ms)

========================================================================
Received Prepare
Registering precompiled user dll's ...
Registered in 0.004663 seconds.
Begin MonoManager ReloadAssembly
Native extension for WindowsStandalone target not found
Native extension for WebGL target not found
Refreshing native plugins compatible for Editor in 1.06 ms, found 2 plugins.
Preloading 0 native plugins for Editor in 0.00 ms.
Mono: successfully reloaded assembly
- Completed reload, in  1.462 seconds
Platform modules already initialized, skipping
Shader 'Universal Render Pipeline/Particles/Lit': fallback shader 'Universal Render Pipeline/Particles/SimpleLit' not found
Refreshing native plugins compatible for Editor in 1.11 ms, found 2 plugins.
Preloading 0 native plugins for Editor in 0.00 ms.
Unloading 4869 Unused Serialized files (Serialized files now loaded: 0)
System memory in use before: 190.1 MB.
System memory in use after: 190.4 MB.

Unloading 18 unused Assets to reduce memory usage. Loaded Objects now: 5524.
Total: 5.610200 ms (FindLiveObjects: 0.706000 ms CreateObjectMapping: 0.544400 ms MarkObjects: 4.230300 ms  DeleteObjects: 0.127600 ms)

AssetImportWorkerClient::OnTransportError - code=2 error=End of file
